# JRE version: Java(TM) SE Runtime Environment (8.0_05-b13) (build 1.8.0_05-b13)
# Java VM: Java HotSpot(TM) 64-Bit Server VM (25.5-b02 mixed mode windows-amd64 compressed oops)
Heap:
 PSYoungGen      total 7680K, used 5567K [0x00000000d7180000, 0x00000000d7e80000, 0x0000000100000000)
  eden space 6144K, 81% used [0x00000000d7180000,0x00000000d7667fc8,0x00000000d7780000)
  from space 1536K, 35% used [0x00000000d7780000,0x00000000d7808000,0x00000000d7900000)
  to   space 1536K, 0% used [0x00000000d7d00000,0x00000000d7d00000,0x00000000d7e80000)
 ParOldGen       total 125440K, used 2992K [0x0000000085400000, 0x000000008ce80000, 0x00000000d7180000)
  object space 125440K, 2% used [0x0000000085400000,0x00000000856ec090,0x000000008ce80000)
 Metaspace       used 13643K, capacity 13740K, committed 13952K, reserved 1060864K
  class space    used 2071K, capacity 2102K, committed 2176K, reserved 1048576K
GC Heap History (10 events):
Event: 1.040 GC heap before
{Heap before GC invocations=7 (full 0):
 PSYoungGen      total 3072K, used 3040K [0x00000000d7180000, 0x00000000d7580000, 0x0000000100000000)
  eden space 2048K, 100% used [0x00000000d7180000,0x00000000d7380000,0x00000000d7380000)
  from space 1024K, 96% used [0x00000000d7480000,0x00000000d7578020,0x00000000d7580000)
  to   space 1024K, 0% used [0x00000000d7380000,0x00000000d7380000,0x00000000d7480000)
 ParOldGen       total 125440K, used 344K [0x0000000085400000, 0x000000008ce80000, 0x00000000d7180000)
  object space 125440K, 0% used [0x0000000085400000,0x0000000085456000,0x000000008ce80000)
 Metaspace       used 5540K, capacity 6742K, committed 6912K, reserved 1056768K
  class space    used 670K, capacity 714K, committed 768K, reserved 1048576K
Event: 1.043 GC heap after
Heap after GC invocations=7 (full 0):
 PSYoungGen      total 3072K, used 800K [0x00000000d7180000, 0x00000000d7780000, 0x0000000100000000)
  eden space 2048K, 0% used [0x00000000d7180000,0x00000000d7180000,0x00000000d7380000)
  from space 1024K, 78% used [0x00000000d7380000,0x00000000d7448020,0x00000000d7480000)
  to   space 1024K, 0% used [0x00000000d7680000,0x00000000d7680000,0x00000000d7780000)
 ParOldGen       total 125440K, used 672K [0x0000000085400000, 0x000000008ce80000, 0x00000000d7180000)
  object space 125440K, 0% used [0x0000000085400000,0x00000000854a8050,0x000000008ce80000)
 Metaspace       used 5540K, capacity 6742K, committed 6912K, reserved 1056768K
  class space    used 670K, capacity 714K, committed 768K, reserved 1048576K
}
Event: 1.187 GC heap before
{Heap before GC invocations=8 (full 0):
 PSYoungGen      total 3072K, used 2848K [0x00000000d7180000, 0x00000000d7780000, 0x0000000100000000)
  eden space 2048K, 100% used [0x00000000d7180000,0x00000000d7380000,0x00000000d7380000)
  from space 1024K, 78% used [0x00000000d7380000,0x00000000d7448020,0x00000000d7480000)
  to   space 1024K, 0% used [0x00000000d7680000,0x00000000d7680000,0x00000000d7780000)
 ParOldGen       total 125440K, used 672K [0x0000000085400000, 0x000000008ce80000, 0x00000000d7180000)
  object space 125440K, 0% used [0x0000000085400000,0x00000000854a8050,0x000000008ce80000)
 Metaspace       used 7291K, capacity 7626K, committed 7936K, reserved 1056768K
  class space    used 910K, capacity 946K, committed 1024K, reserved 1048576K
Event: 1.191 GC heap after
Heap after GC invocations=8 (full 0):
 PSYoungGen      total 4608K, used 976K [0x00000000d7180000, 0x00000000d7880000, 0x0000000100000000)
  eden space 3584K, 0% used [0x00000000d7180000,0x00000000d7180000,0x00000000d7500000)
  from space 1024K, 95% used [0x00000000d7680000,0x00000000d7774040,0x00000000d7780000)
  to   space 1536K, 0% used [0x00000000d7500000,0x00000000d7500000,0x00000000d7680000)
 ParOldGen       total 125440K, used 736K [0x0000000085400000, 0x000000008ce80000, 0x00000000d7180000)
  object space 125440K, 0% used [0x0000000085400000,0x00000000854b8050,0x000000008ce80000)
 Metaspace       used 7291K, capacity 7626K, committed 7936K, reserved 1056768K
  class space    used 910K, capacity 946K, committed 1024K, reserved 1048576K
}
Event: 1.336 GC heap before
{Heap before GC invocations=9 (full 0):
 PSYoungGen      total 4608K, used 4560K [0x00000000d7180000, 0x00000000d7880000, 0x0000000100000000)
  eden space 3584K, 100% used [0x00000000d7180000,0x00000000d7500000,0x00000000d7500000)
  from space 1024K, 95% used [0x00000000d7680000,0x00000000d7774040,0x00000000d7780000)
  to   space 1536K, 0% used [0x00000000d7500000,0x00000000d7500000,0x00000000d7680000)
 ParOldGen       total 125440K, used 736K [0x0000000085400000, 0x000000008ce80000, 0x00000000d7180000)
  object space 125440K, 0% used [0x0000000085400000,0x00000000854b8050,0x000000008ce80000)
 Metaspace       used 8221K, capacity 8496K, committed 8576K, reserved 1056768K
  class space    used 1059K, capacity 1108K, committed 1152K, reserved 1048576K
Event: 1.339 GC heap after
Heap after GC invocations=9 (full 0):
 PSYoungGen      total 5120K, used 1472K [0x00000000d7180000, 0x00000000d7a80000, 0x0000000100000000)
  eden space 3584K, 0% used [0x00000000d7180000,0x00000000d7180000,0x00000000d7500000)
  from space 1536K, 95% used [0x00000000d7500000,0x00000000d7670010,0x00000000d7680000)
  to   space 1536K, 0% used [0x00000000d7900000,0x00000000d7900000,0x00000000d7a80000)
 ParOldGen       total 125440K, used 1336K [0x0000000085400000, 0x000000008ce80000, 0x00000000d7180000)
  object space 125440K, 1% used [0x0000000085400000,0x000000008554e070,0x000000008ce80000)
 Metaspace       used 8221K, capacity 8496K, committed 8576K, reserved 1056768K
  class space    used 1059K, capacity 1108K, committed 1152K, reserved 1048576K
}
Event: 1.501 GC heap before
{Heap before GC invocations=10 (full 0):
 PSYoungGen      total 5120K, used 5056K [0x00000000d7180000, 0x00000000d7a80000, 0x0000000100000000)
  eden space 3584K, 100% used [0x00000000d7180000,0x00000000d7500000,0x00000000d7500000)
  from space 1536K, 95% used [0x00000000d7500000,0x00000000d7670010,0x00000000d7680000)
  to   space 1536K, 0% used [0x00000000d7900000,0x00000000d7900000,0x00000000d7a80000)
 ParOldGen       total 125440K, used 1336K [0x0000000085400000, 0x000000008ce80000, 0x00000000d7180000)
  object space 125440K, 1% used [0x0000000085400000,0x000000008554e070,0x000000008ce80000)
 Metaspace       used 9252K, capacity 9324K, committed 9472K, reserved 1056768K
  class space    used 1245K, capacity 1270K, committed 1280K, reserved 1048576K
Event: 1.505 GC heap after
Heap after GC invocations=10 (full 0):
 PSYoungGen      total 7680K, used 1440K [0x00000000d7180000, 0x00000000d7a80000, 0x0000000100000000)
  eden space 6144K, 0% used [0x00000000d7180000,0x00000000d7180000,0x00000000d7780000)
  from space 1536K, 93% used [0x00000000d7900000,0x00000000d7a68000,0x00000000d7a80000)
  to   space 1536K, 0% used [0x00000000d7780000,0x00000000d7780000,0x00000000d7900000)
 ParOldGen       total 125440K, used 1624K [0x0000000085400000, 0x000000008ce80000, 0x00000000d7180000)
  object space 125440K, 1% used [0x0000000085400000,0x0000000085596090,0x000000008ce80000)
 Metaspace       used 9252K, capacity 9324K, committed 9472K, reserved 1056768K
  class space    used 1245K, capacity 1270K, committed 1280K, reserved 1048576K
}
Event: 1.989 GC heap before
{Heap before GC invocations=11 (full 0):
 PSYoungGen      total 7680K, used 7584K [0x00000000d7180000, 0x00000000d7a80000, 0x0000000100000000)
  eden space 6144K, 100% used [0x00000000d7180000,0x00000000d7780000,0x00000000d7780000)
  from space 1536K, 93% used [0x00000000d7900000,0x00000000d7a68000,0x00000000d7a80000)
  to   space 1536K, 0% used [0x00000000d7780000,0x00000000d7780000,0x00000000d7900000)
 ParOldGen       total 125440K, used 1624K [0x0000000085400000, 0x000000008ce80000, 0x00000000d7180000)
  object space 125440K, 1% used [0x0000000085400000,0x0000000085596090,0x000000008ce80000)
 Metaspace       used 11794K, capacity 11852K, committed 12032K, reserved 1058816K
  class space    used 1710K, capacity 1750K, committed 1792K, reserved 1048576K
Event: 1.994 GC heap after
Heap after GC invocations=11 (full 0):
 PSYoungGen      total 7680K, used 544K [0x00000000d7180000, 0x00000000d7e80000, 0x0000000100000000)
  eden space 6144K, 0% used [0x00000000d7180000,0x00000000d7180000,0x00000000d7780000)
  from space 1536K, 35% used [0x00000000d7780000,0x00000000d7808000,0x00000000d7900000)
  to   space 1536K, 0% used [0x00000000d7d00000,0x00000000d7d00000,0x00000000d7e80000)
 ParOldGen       total 125440K, used 2992K [0x0000000085400000, 0x000000008ce80000, 0x00000000d7180000)
  object space 125440K, 2% used [0x0000000085400000,0x00000000856ec090,0x000000008ce80000)
 Metaspace       used 11794K, capacity 11852K, committed 12032K, reserved 1058816K
  class space    used 1710K, capacity 1750K, committed 1792K, reserved 1048576K
}

