# JRE version: Java(TM) SE Runtime Environment (8.0_05-b13) (build 1.8.0_05-b13)
# Java VM: Java HotSpot(TM) 64-Bit Server VM (25.5-b02 mixed mode windows-amd64 compressed oops)
Heap:
 PSYoungGen      total 3072K, used 2601K [0x00000000d7180000, 0x00000000d7580000, 0x0000000100000000)
  eden space 2048K, 77% used [0x00000000d7180000,0x00000000d730e758,0x00000000d7380000)
  from space 1024K, 98% used [0x00000000d7480000,0x00000000d757c030,0x00000000d7580000)
  to   space 1024K, 75% used [0x00000000d7380000,0x00000000d7440020,0x00000000d7480000)
 ParOldGen       total 125440K, used 628K [0x0000000085400000, 0x000000008ce80000, 0x00000000d7180000)
  object space 125440K, 0% used [0x0000000085400000,0x000000008549d060,0x000000008ce80000)
 Metaspace       used 5267K, capacity 6518K, committed 6656K, reserved 1060864K
  class space    used 630K, capacity 682K, committed 768K, reserved 1048576K
GC Heap History (10 events):
Event: 0.480 GC heap before
{Heap before GC invocations=2 (full 0):
 PSYoungGen      total 1024K, used 932K [0x00000000d7180000, 0x00000000d7300000, 0x0000000100000000)
  eden space 512K, 97% used [0x00000000d7180000,0x00000000d71fd118,0x00000000d7200000)
  from space 512K, 84% used [0x00000000d7200000,0x00000000d726c010,0x00000000d7280000)
  to   space 512K, 0% used [0x00000000d7280000,0x00000000d7280000,0x00000000d7300000)
 ParOldGen       total 125440K, used 8K [0x0000000085400000, 0x000000008ce80000, 0x00000000d7180000)
  object space 125440K, 0% used [0x0000000085400000,0x0000000085402000,0x000000008ce80000)
 Metaspace       used 2928K, capacity 4566K, committed 4864K, reserved 1056768K
  class space    used 323K, capacity 394K, committed 512K, reserved 1048576K
Event: 0.482 GC heap after
Heap after GC invocations=2 (full 0):
 PSYoungGen      total 1024K, used 496K [0x00000000d7180000, 0x00000000d7380000, 0x0000000100000000)
  eden space 512K, 0% used [0x00000000d7180000,0x00000000d7180000,0x00000000d7200000)
  from space 512K, 96% used [0x00000000d7280000,0x00000000d72fc010,0x00000000d7300000)
  to   space 512K, 0% used [0x00000000d7200000,0x00000000d7200000,0x00000000d7280000)
 ParOldGen       total 125440K, used 72K [0x0000000085400000, 0x000000008ce80000, 0x00000000d7180000)
  object space 125440K, 0% used [0x0000000085400000,0x0000000085412000,0x000000008ce80000)
 Metaspace       used 2928K, capacity 4566K, committed 4864K, reserved 1056768K
  class space    used 323K, capacity 394K, committed 512K, reserved 1048576K
}
Event: 0.508 GC heap before
{Heap before GC invocations=3 (full 0):
 PSYoungGen      total 1024K, used 1008K [0x00000000d7180000, 0x00000000d7380000, 0x0000000100000000)
  eden space 512K, 100% used [0x00000000d7180000,0x00000000d7200000,0x00000000d7200000)
  from space 512K, 96% used [0x00000000d7280000,0x00000000d72fc010,0x00000000d7300000)
  to   space 512K, 0% used [0x00000000d7200000,0x00000000d7200000,0x00000000d7280000)
 ParOldGen       total 125440K, used 72K [0x0000000085400000, 0x000000008ce80000, 0x00000000d7180000)
  object space 125440K, 0% used [0x0000000085400000,0x0000000085412000,0x000000008ce80000)
 Metaspace       used 3203K, capacity 4790K, committed 5120K, reserved 1056768K
  class space    used 353K, capacity 426K, committed 512K, reserved 1048576K
Event: 0.509 GC heap after
Heap after GC invocations=3 (full 0):
 PSYoungGen      total 1024K, used 512K [0x00000000d7180000, 0x00000000d7380000, 0x0000000100000000)
  eden space 512K, 0% used [0x00000000d7180000,0x00000000d7180000,0x00000000d7200000)
  from space 512K, 100% used [0x00000000d7200000,0x00000000d7280000,0x00000000d7280000)
  to   space 512K, 0% used [0x00000000d7300000,0x00000000d7300000,0x00000000d7380000)
 ParOldGen       total 125440K, used 112K [0x0000000085400000, 0x000000008ce80000, 0x00000000d7180000)
  object space 125440K, 0% used [0x0000000085400000,0x000000008541c000,0x000000008ce80000)
 Metaspace       used 3203K, capacity 4790K, committed 5120K, reserved 1056768K
  class space    used 353K, capacity 426K, committed 512K, reserved 1048576K
}
Event: 0.536 GC heap before
{Heap before GC invocations=4 (full 0):
 PSYoungGen      total 1024K, used 1023K [0x00000000d7180000, 0x00000000d7380000, 0x0000000100000000)
  eden space 512K, 99% used [0x00000000d7180000,0x00000000d71ffd00,0x00000000d7200000)
  from space 512K, 100% used [0x00000000d7200000,0x00000000d7280000,0x00000000d7280000)
  to   space 512K, 0% used [0x00000000d7300000,0x00000000d7300000,0x00000000d7380000)
 ParOldGen       total 125440K, used 112K [0x0000000085400000, 0x000000008ce80000, 0x00000000d7180000)
  object space 125440K, 0% used [0x0000000085400000,0x000000008541c000,0x000000008ce80000)
 Metaspace       used 3484K, capacity 5014K, committed 5120K, reserved 1056768K
  class space    used 387K, capacity 458K, committed 512K, reserved 1048576K
Event: 0.537 GC heap after
Heap after GC invocations=4 (full 0):
 PSYoungGen      total 1536K, used 496K [0x00000000d7180000, 0x00000000d7380000, 0x0000000100000000)
  eden space 1024K, 0% used [0x00000000d7180000,0x00000000d7180000,0x00000000d7280000)
  from space 512K, 96% used [0x00000000d7300000,0x00000000d737c010,0x00000000d7380000)
  to   space 512K, 0% used [0x00000000d7280000,0x00000000d7280000,0x00000000d7300000)
 ParOldGen       total 125440K, used 168K [0x0000000085400000, 0x000000008ce80000, 0x00000000d7180000)
  object space 125440K, 0% used [0x0000000085400000,0x000000008542a000,0x000000008ce80000)
 Metaspace       used 3484K, capacity 5014K, committed 5120K, reserved 1056768K
  class space    used 387K, capacity 458K, committed 512K, reserved 1048576K
}
Event: 0.672 GC heap before
{Heap before GC invocations=5 (full 0):
 PSYoungGen      total 1536K, used 1520K [0x00000000d7180000, 0x00000000d7380000, 0x0000000100000000)
  eden space 1024K, 100% used [0x00000000d7180000,0x00000000d7280000,0x00000000d7280000)
  from space 512K, 96% used [0x00000000d7300000,0x00000000d737c010,0x00000000d7380000)
  to   space 512K, 0% used [0x00000000d7280000,0x00000000d7280000,0x00000000d7300000)
 ParOldGen       total 125440K, used 168K [0x0000000085400000, 0x000000008ce80000, 0x00000000d7180000)
  object space 125440K, 0% used [0x0000000085400000,0x000000008542a000,0x000000008ce80000)
 Metaspace       used 4180K, capacity 5526K, committed 5760K, reserved 1056768K
  class space    used 472K, capacity 522K, committed 640K, reserved 1048576K
Event: 0.673 GC heap after
Heap after GC invocations=5 (full 0):
 PSYoungGen      total 1536K, used 496K [0x00000000d7180000, 0x00000000d7580000, 0x0000000100000000)
  eden space 1024K, 0% used [0x00000000d7180000,0x00000000d7180000,0x00000000d7280000)
  from space 512K, 96% used [0x00000000d7280000,0x00000000d72fc010,0x00000000d7300000)
  to   space 1024K, 0% used [0x00000000d7480000,0x00000000d7480000,0x00000000d7580000)
 ParOldGen       total 125440K, used 224K [0x0000000085400000, 0x000000008ce80000, 0x00000000d7180000)
  object space 125440K, 0% used [0x0000000085400000,0x0000000085438000,0x000000008ce80000)
 Metaspace       used 4180K, capacity 5526K, committed 5760K, reserved 1056768K
  class space    used 472K, capacity 522K, committed 640K, reserved 1048576K
}
Event: 0.700 GC heap before
{Heap before GC invocations=6 (full 0):
 PSYoungGen      total 1536K, used 1520K [0x00000000d7180000, 0x00000000d7580000, 0x0000000100000000)
  eden space 1024K, 100% used [0x00000000d7180000,0x00000000d7280000,0x00000000d7280000)
  from space 512K, 96% used [0x00000000d7280000,0x00000000d72fc010,0x00000000d7300000)
  to   space 1024K, 0% used [0x00000000d7480000,0x00000000d7480000,0x00000000d7580000)
 ParOldGen       total 125440K, used 224K [0x0000000085400000, 0x000000008ce80000, 0x00000000d7180000)
  object space 125440K, 0% used [0x0000000085400000,0x0000000085438000,0x000000008ce80000)
 Metaspace       used 4459K, capacity 5814K, committed 6016K, reserved 1056768K
  class space    used 495K, capacity 554K, committed 640K, reserved 1048576K
Event: 0.701 GC heap after
Heap after GC invocations=6 (full 0):
 PSYoungGen      total 3072K, used 1008K [0x00000000d7180000, 0x00000000d7580000, 0x0000000100000000)
  eden space 2048K, 0% used [0x00000000d7180000,0x00000000d7180000,0x00000000d7380000)
  from space 1024K, 98% used [0x00000000d7480000,0x00000000d757c030,0x00000000d7580000)
  to   space 1024K, 0% used [0x00000000d7380000,0x00000000d7380000,0x00000000d7480000)
 ParOldGen       total 125440K, used 264K [0x0000000085400000, 0x000000008ce80000, 0x00000000d7180000)
  object space 125440K, 0% used [0x0000000085400000,0x0000000085442000,0x000000008ce80000)
 Metaspace       used 4459K, capacity 5814K, committed 6016K, reserved 1056768K
  class space    used 495K, capacity 554K, committed 640K, reserved 1048576K
}

